Command line invocation:
    /Applications/Xcode.app/Contents/Developer/usr/bin/xcodebuild -project CarryCue.xcodeproj -scheme CarryCue -sdk iphonesimulator -destination "platform=iOS Simulator,name=iPhone 16 Pro,OS=18.6" -derivedDataPath DerivedData build

Build settings from command line:
    SDKROOT = iphonesimulator26.5

--- xcodebuild: WARNING: Using the first of multiple matching destinations:
{ platform:iOS Simulator, arch:arm64, id:D4E830DB-FE20-43FE-AA5E-46788A373673, OS:18.6, name:iPhone 16 Pro }
{ platform:iOS Simulator, arch:x86_64, id:D4E830DB-FE20-43FE-AA5E-46788A373673, OS:18.6, name:iPhone 16 Pro }
ComputePackagePrebuildTargetDependencyGraph

Prepare packages

CreateBuildRequest

SendProjectDescription

CreateBuildOperation

ComputeTargetDependencyGraph
note: Building targets in dependency order
note: Target dependency graph (1 target)
    Target 'CarryCue' in project 'CarryCue' (no dependencies)

GatherProvisioningInputs

CreateBuildDescription

ExecuteExternalTool /Applications/Xcode.app/Contents/Developer/Toolchains/XcodeDefault.xctoolchain/usr/bin/clang -v -E -dM -isysroot /Applications/Xcode.app/Contents/Developer/Platforms/iPhoneSimulator.platform/Developer/SDKs/iPhoneSimulator26.5.sdk -x c -c /dev/null

ExecuteExternalTool /Applications/Xcode.app/Contents/Developer/Toolchains/XcodeDefault.xctoolchain/usr/bin/swiftc --version

ExecuteExternalTool /Applications/Xcode.app/Contents/Developer/Toolchains/XcodeDefault.xctoolchain/usr/bin/ld -version_details

Build description signature: a77ed5ecdad8e829e7d4e2e8213c4a47
Build description path: /Users/wangrenzhu/work/CarryCue/DerivedData/Build/Intermediates.noindex/XCBuildData/a77ed5ecdad8e829e7d4e2e8213c4a47.xcbuilddata
CreateBuildDirectory /Users/wangrenzhu/work/CarryCue/DerivedData/Build/Products
    cd /Users/wangrenzhu/work/CarryCue/CarryCue.xcodeproj
    builtin-create-build-directory /Users/wangrenzhu/work/CarryCue/DerivedData/Build/Products

CreateBuildDirectory /Users/wangrenzhu/work/CarryCue/DerivedData/Build/Intermediates.noindex
    cd /Users/wangrenzhu/work/CarryCue/CarryCue.xcodeproj
    builtin-create-build-directory /Users/wangrenzhu/work/CarryCue/DerivedData/Build/Intermediates.noindex

ClangStatCache /Applications/Xcode.app/Contents/Developer/Toolchains/XcodeDefault.xctoolchain/usr/bin/clang-stat-cache /Applications/Xcode.app/Contents/Developer/Platforms/iPhoneSimulator.platform/Developer/SDKs/iPhoneSimulator26.5.sdk /Users/wangrenzhu/work/CarryCue/DerivedData/SDKStatCaches.noindex/iphonesimulator26.5-23F73-6cfe768891a92b912361537c460fe42b.sdkstatcache
    cd /Users/wangrenzhu/work/CarryCue/CarryCue.xcodeproj
    /Applications/Xcode.app/Contents/Developer/Toolchains/XcodeDefault.xctoolchain/usr/bin/clang-stat-cache /Applications/Xcode.app/Contents/Developer/Platforms/iPhoneSimulator.platform/Developer/SDKs/iPhoneSimulator26.5.sdk -o /Users/wangrenzhu/work/CarryCue/DerivedData/SDKStatCaches.noindex/iphonesimulator26.5-23F73-6cfe768891a92b912361537c460fe42b.sdkstatcache

CreateBuildDirectory /Users/wangrenzhu/work/CarryCue/DerivedData/Build/Products/Debug-iphonesimulator
    cd /Users/wangrenzhu/work/CarryCue/CarryCue.xcodeproj
    builtin-create-build-directory /Users/wangrenzhu/work/CarryCue/DerivedData/Build/Products/Debug-iphonesimulator

CreateBuildDirectory /Users/wangrenzhu/work/CarryCue/DerivedData/Build/Intermediates.noindex/SwiftExplicitPrecompiledModules
    cd /Users/wangrenzhu/work/CarryCue/CarryCue.xcodeproj
    builtin-create-build-directory /Users/wangrenzhu/work/CarryCue/DerivedData/Build/Intermediates.noindex/SwiftExplicitPrecompiledModules

CreateBuildDirectory /Users/wangrenzhu/work/CarryCue/DerivedData/Build/Intermediates.noindex/ExplicitPrecompiledModules
    cd /Users/wangrenzhu/work/CarryCue/CarryCue.xcodeproj
    builtin-create-build-directory /Users/wangrenzhu/work/CarryCue/DerivedData/Build/Intermediates.noindex/ExplicitPrecompiledModules

CreateBuildDirectory /Users/wangrenzhu/work/CarryCue/DerivedData/Build/Intermediates.noindex/EagerLinkingTBDs/Debug-iphonesimulator
    cd /Users/wangrenzhu/work/CarryCue/CarryCue.xcodeproj
    builtin-create-build-directory /Users/wangrenzhu/work/CarryCue/DerivedData/Build/Intermediates.noindex/EagerLinkingTBDs/Debug-iphonesimulator

WriteAuxiliaryFile /Users/wangrenzhu/work/CarryCue/DerivedData/Build/Intermediates.noindex/CarryCue.build/Debug-iphonesimulator/CarryCue-13e3f29cf81f6f13ee36bff65273436f-VFS-iphonesimulator/all-product-headers.yaml
    cd /Users/wangrenzhu/work/CarryCue/CarryCue.xcodeproj
    write-file /Users/wangrenzhu/work/CarryCue/DerivedData/Build/Intermediates.noindex/CarryCue.build/Debug-iphonesimulator/CarryCue-13e3f29cf81f6f13ee36bff65273436f-VFS-iphonesimulator/all-product-headers.yaml

WriteAuxiliaryFile /Users/wangrenzhu/work/CarryCue/DerivedData/Build/Intermediates.noindex/CarryCue.build/Debug-iphonesimulator/CarryCue.build/CarryCue.hmap (in target 'CarryCue' from project 'CarryCue')
    cd /Users/wangrenzhu/work/CarryCue
    write-file /Users/wangrenzhu/work/CarryCue/DerivedData/Build/Intermediates.noindex/CarryCue.build/Debug-iphonesimulator/CarryCue.build/CarryCue.hmap

WriteAuxiliaryFile /Users/wangrenzhu/work/CarryCue/DerivedData/Build/Intermediates.noindex/CarryCue.build/Debug-iphonesimulator/CarryCue.build/Objects-normal/arm64/CarryCue.SwiftConstValuesFileList (in target 'CarryCue' from project 'CarryCue')
    cd /Users/wangrenzhu/work/CarryCue
    write-file /Users/wangrenzhu/work/CarryCue/DerivedData/Build/Intermediates.noindex/CarryCue.build/Debug-iphonesimulator/CarryCue.build/Objects-normal/arm64/CarryCue.SwiftConstValuesFileList

WriteAuxiliaryFile /Users/wangrenzhu/work/CarryCue/DerivedData/Build/Intermediates.noindex/CarryCue.build/Debug-iphonesimulator/CarryCue.build/Objects-normal/arm64/CarryCue.LinkFileList (in target 'CarryCue' from project 'CarryCue')
    cd /Users/wangrenzhu/work/CarryCue
    write-file /Users/wangrenzhu/work/CarryCue/DerivedData/Build/Intermediates.noindex/CarryCue.build/Debug-iphonesimulator/CarryCue.build/Objects-normal/arm64/CarryCue.LinkFileList

WriteAuxiliaryFile /Users/wangrenzhu/work/CarryCue/DerivedData/Build/Intermediates.noindex/CarryCue.build/Debug-iphonesimulator/CarryCue.build/Objects-normal/arm64/CarryCue-OutputFileMap.json (in target 'CarryCue' from project 'CarryCue')
    cd /Users/wangrenzhu/work/CarryCue
    write-file /Users/wangrenzhu/work/CarryCue/DerivedData/Build/Intermediates.noindex/CarryCue.build/Debug-iphonesimulator/CarryCue.build/Objects-normal/arm64/CarryCue-OutputFileMap.json

WriteAuxiliaryFile /Users/wangrenzhu/work/CarryCue/DerivedData/Build/Intermediates.noindex/CarryCue.build/Debug-iphonesimulator/CarryCue.build/Objects-normal/arm64/CarryCue.SwiftFileList (in target 'CarryCue' from project 'CarryCue')
    cd /Users/wangrenzhu/work/CarryCue
    write-file /Users/wangrenzhu/work/CarryCue/DerivedData/Build/Intermediates.noindex/CarryCue.build/Debug-iphonesimulator/CarryCue.build/Objects-normal/arm64/CarryCue.SwiftFileList

WriteAuxiliaryFile /Users/wangrenzhu/work/CarryCue/DerivedData/Build/Intermediates.noindex/CarryCue.build/Debug-iphonesimulator/CarryCue.build/CarryCue.DependencyMetadataFileList (in target 'CarryCue' from project 'CarryCue')
    cd /Users/wangrenzhu/work/CarryCue
    write-file /Users/wangrenzhu/work/CarryCue/DerivedData/Build/Intermediates.noindex/CarryCue.build/Debug-iphonesimulator/CarryCue.build/CarryCue.DependencyMetadataFileList

WriteAuxiliaryFile /Users/wangrenzhu/work/CarryCue/DerivedData/Build/Intermediates.noindex/CarryCue.build/Debug-iphonesimulator/CarryCue.build/CarryCue.DependencyStaticMetadataFileList (in target 'CarryCue' from project 'CarryCue')
    cd /Users/wangrenzhu/work/CarryCue
    write-file /Users/wangrenzhu/work/CarryCue/DerivedData/Build/Intermediates.noindex/CarryCue.build/Debug-iphonesimulator/CarryCue.build/CarryCue.DependencyStaticMetadataFileList

WriteAuxiliaryFile /Users/wangrenzhu/work/CarryCue/DerivedData/Build/Intermediates.noindex/CarryCue.build/Debug-iphonesimulator/CarryCue.build/CarryCue-project-headers.hmap (in target 'CarryCue' from project 'CarryCue')
    cd /Users/wangrenzhu/work/CarryCue
    write-file /Users/wangrenzhu/work/CarryCue/DerivedData/Build/Intermediates.noindex/CarryCue.build/Debug-iphonesimulator/CarryCue.build/CarryCue-project-headers.hmap

WriteAuxiliaryFile /Users/wangrenzhu/work/CarryCue/DerivedData/Build/Intermediates.noindex/CarryCue.build/Debug-iphonesimulator/CarryCue.build/Objects-normal/arm64/CarryCue_const_extract_protocols.json (in target 'CarryCue' from project 'CarryCue')
    cd /Users/wangrenzhu/work/CarryCue
    write-file /Users/wangrenzhu/work/CarryCue/DerivedData/Build/Intermediates.noindex/CarryCue.build/Debug-iphonesimulator/CarryCue.build/Objects-normal/arm64/CarryCue_const_extract_protocols.json

WriteAuxiliaryFile /Users/wangrenzhu/work/CarryCue/DerivedData/Build/Intermediates.noindex/CarryCue.build/Debug-iphonesimulator/CarryCue.build/CarryCue-own-target-headers.hmap (in target 'CarryCue' from project 'CarryCue')
    cd /Users/wangrenzhu/work/CarryCue
    write-file /Users/wangrenzhu/work/CarryCue/DerivedData/Build/Intermediates.noindex/CarryCue.build/Debug-iphonesimulator/CarryCue.build/CarryCue-own-target-headers.hmap

WriteAuxiliaryFile /Users/wangrenzhu/work/CarryCue/DerivedData/Build/Intermediates.noindex/CarryCue.build/Debug-iphonesimulator/CarryCue.build/CarryCue-generated-files.hmap (in target 'CarryCue' from project 'CarryCue')
    cd /Users/wangrenzhu/work/CarryCue
    write-file /Users/wangrenzhu/work/CarryCue/DerivedData/Build/Intermediates.noindex/CarryCue.build/Debug-iphonesimulator/CarryCue.build/CarryCue-generated-files.hmap

WriteAuxiliaryFile /Users/wangrenzhu/work/CarryCue/DerivedData/Build/Intermediates.noindex/CarryCue.build/Debug-iphonesimulator/CarryCue.build/CarryCue-all-target-headers.hmap (in target 'CarryCue' from project 'CarryCue')
    cd /Users/wangrenzhu/work/CarryCue
    write-file /Users/wangrenzhu/work/CarryCue/DerivedData/Build/Intermediates.noindex/CarryCue.build/Debug-iphonesimulator/CarryCue.build/CarryCue-all-target-headers.hmap

WriteAuxiliaryFile /Users/wangrenzhu/work/CarryCue/DerivedData/Build/Intermediates.noindex/CarryCue.build/Debug-iphonesimulator/CarryCue.build/CarryCue-all-non-framework-target-headers.hmap (in target 'CarryCue' from project 'CarryCue')
    cd /Users/wangrenzhu/work/CarryCue
    write-file /Users/wangrenzhu/work/CarryCue/DerivedData/Build/Intermediates.noindex/CarryCue.build/Debug-iphonesimulator/CarryCue.build/CarryCue-all-non-framework-target-headers.hmap

WriteAuxiliaryFile /Users/wangrenzhu/work/CarryCue/DerivedData/Build/Intermediates.noindex/CarryCue.build/Debug-iphonesimulator/CarryCue.build/CarryCue-DebugDylibPath-normal-arm64.txt (in target 'CarryCue' from project 'CarryCue')
    cd /Users/wangrenzhu/work/CarryCue
    write-file /Users/wangrenzhu/work/CarryCue/DerivedData/Build/Intermediates.noindex/CarryCue.build/Debug-iphonesimulator/CarryCue.build/CarryCue-DebugDylibPath-normal-arm64.txt

WriteAuxiliaryFile /Users/wangrenzhu/work/CarryCue/DerivedData/Build/Intermediates.noindex/CarryCue.build/Debug-iphonesimulator/CarryCue.build/CarryCue-DebugDylibInstallName-normal-arm64.txt (in target 'CarryCue' from project 'CarryCue')
    cd /Users/wangrenzhu/work/CarryCue
    write-file /Users/wangrenzhu/work/CarryCue/DerivedData/Build/Intermediates.noindex/CarryCue.build/Debug-iphonesimulator/CarryCue.build/CarryCue-DebugDylibInstallName-normal-arm64.txt

MkDir /Users/wangrenzhu/work/CarryCue/DerivedData/Build/Products/Debug-iphonesimulator/CarryCue.app (in target 'CarryCue' from project 'CarryCue')
    cd /Users/wangrenzhu/work/CarryCue
    /bin/mkdir -p /Users/wangrenzhu/work/CarryCue/DerivedData/Build/Products/Debug-iphonesimulator/CarryCue.app

Ld /Users/wangrenzhu/work/CarryCue/DerivedData/Build/Products/Debug-iphonesimulator/CarryCue.app/__preview.dylib normal (in target 'CarryCue' from project 'CarryCue')
    cd /Users/wangrenzhu/work/CarryCue
    /Applications/Xcode.app/Contents/Developer/Toolchains/XcodeDefault.xctoolchain/usr/bin/clang -Xlinker -reproducible -target arm64-apple-ios14.0-simulator -dynamiclib -isysroot /Applications/Xcode.app/Contents/Developer/Platforms/iPhoneSimulator.platform/Developer/SDKs/iPhoneSimulator26.5.sdk -O0 -L/Users/wangrenzhu/work/CarryCue/DerivedData/Build/Products/Debug-iphonesimulator -F/Users/wangrenzhu/work/CarryCue/DerivedData/Build/Products/Debug-iphonesimulator -install_name @rpath/CarryCue.debug.dylib -Xlinker -dead_strip -rdynamic -Xlinker -no_deduplicate -Xlinker -objc_abi_version -Xlinker 2 -Xlinker -dependency_info -Xlinker /Users/wangrenzhu/work/CarryCue/DerivedData/Build/Intermediates.noindex/CarryCue.build/Debug-iphonesimulator/CarryCue.build/Objects-normal/arm64/CarryCue_dependency_info.dat -o /Users/wangrenzhu/work/CarryCue/DerivedData/Build/Products/Debug-iphonesimulator/CarryCue.app/__preview.dylib

ProcessInfoPlistFile /Users/wangrenzhu/work/CarryCue/DerivedData/Build/Products/Debug-iphonesimulator/CarryCue.app/Info.plist /Users/wangrenzhu/work/CarryCue/CarryCueApp/Info.plist (in target 'CarryCue' from project 'CarryCue')
    cd /Users/wangrenzhu/work/CarryCue
    builtin-infoPlistUtility /Users/wangrenzhu/work/CarryCue/CarryCueApp/Info.plist -producttype com.apple.product-type.application -genpkginfo /Users/wangrenzhu/work/CarryCue/DerivedData/Build/Products/Debug-iphonesimulator/CarryCue.app/PkgInfo -expandbuildsettings -format binary -platform iphonesimulator -o /Users/wangrenzhu/work/CarryCue/DerivedData/Build/Products/Debug-iphonesimulator/CarryCue.app/Info.plist

SwiftDriver CarryCue normal arm64 com.apple.xcode.tools.swift.compiler (in target 'CarryCue' from project 'CarryCue')
    cd /Users/wangrenzhu/work/CarryCue
    builtin-SwiftDriver -- /Applications/Xcode.app/Contents/Developer/Toolchains/XcodeDefault.xctoolchain/usr/bin/swiftc -module-name CarryCue -Onone @/Users/wangrenzhu/work/CarryCue/DerivedData/Build/Intermediates.noindex/CarryCue.build/Debug-iphonesimulator/CarryCue.build/Objects-normal/arm64/CarryCue.SwiftFileList -DDEBUG -enable-bare-slash-regex -enable-experimental-feature DebugDescriptionMacro -sdk /Applications/Xcode.app/Contents/Developer/Platforms/iPhoneSimulator.platform/Developer/SDKs/iPhoneSimulator26.5.sdk -target arm64-apple-ios14.0-simulator -g -module-cache-path /Users/wangrenzhu/work/CarryCue/DerivedData/ModuleCache.noindex -Xfrontend -serialize-debugging-options -enable-testing -index-store-path /Users/wangrenzhu/work/CarryCue/DerivedData/Index.noindex/DataStore -Xcc -D_LIBCPP_HARDENING_MODE\=_LIBCPP_HARDENING_MODE_DEBUG -swift-version 5 -I /Users/wangrenzhu/work/CarryCue/DerivedData/Build/Products/Debug-iphonesimulator -F /Users/wangrenzhu/work/CarryCue/DerivedData/Build/Products/Debug-iphonesimulator -c -j10 -enable-batch-mode -incremental -Xcc -ivfsstatcache -Xcc /Users/wangrenzhu/work/CarryCue/DerivedData/SDKStatCaches.noindex/iphonesimulator26.5-23F73-6cfe768891a92b912361537c460fe42b.sdkstatcache -output-file-map /Users/wangrenzhu/work/CarryCue/DerivedData/Build/Intermediates.noindex/CarryCue.build/Debug-iphonesimulator/CarryCue.build/Objects-normal/arm64/CarryCue-OutputFileMap.json -use-frontend-parseable-output -save-temps -no-color-diagnostics -explicit-module-build -module-cache-path /Users/wangrenzhu/work/CarryCue/DerivedData/Build/Intermediates.noindex/SwiftExplicitPrecompiledModules -clang-scanner-module-cache-path /Users/wangrenzhu/work/CarryCue/DerivedData/ModuleCache.noindex -sdk-module-cache-path /Users/wangrenzhu/work/CarryCue/DerivedData/ModuleCache.noindex -serialize-diagnostics -emit-dependencies -emit-module -emit-module-path /Users/wangrenzhu/work/CarryCue/DerivedData/Build/Intermediates.noindex/CarryCue.build/Debug-iphonesimulator/CarryCue.build/Objects-normal/arm64/CarryCue.swiftmodule -validate-clang-modules-once -clang-build-session-file /Users/wangrenzhu/work/CarryCue/DerivedData/ModuleCache.noindex/Session.modulevalidation -Xcc -I/Users/wangrenzhu/work/CarryCue/DerivedData/Build/Intermediates.noindex/CarryCue.build/Debug-iphonesimulator/CarryCue.build/swift-overrides.hmap -emit-const-values -Xfrontend -const-gather-protocols-file -Xfrontend /Users/wangrenzhu/work/CarryCue/DerivedData/Build/Intermediates.noindex/CarryCue.build/Debug-iphonesimulator/CarryCue.build/Objects-normal/arm64/CarryCue_const_extract_protocols.json -Xcc -iquote -Xcc /Users/wangrenzhu/work/CarryCue/DerivedData/Build/Intermediates.noindex/CarryCue.build/Debug-iphonesimulator/CarryCue.build/CarryCue-generated-files.hmap -Xcc -I/Users/wangrenzhu/work/CarryCue/DerivedData/Build/Intermediates.noindex/CarryCue.build/Debug-iphonesimulator/CarryCue.build/CarryCue-own-target-headers.hmap -Xcc -I/Users/wangrenzhu/work/CarryCue/DerivedData/Build/Intermediates.noindex/CarryCue.build/Debug-iphonesimulator/CarryCue.build/CarryCue-all-target-headers.hmap -Xcc -iquote -Xcc /Users/wangrenzhu/work/CarryCue/DerivedData/Build/Intermediates.noindex/CarryCue.build/Debug-iphonesimulator/CarryCue.build/CarryCue-project-headers.hmap -Xcc -I/Users/wangrenzhu/work/CarryCue/DerivedData/Build/Products/Debug-iphonesimulator/include -Xcc -I/Users/wangrenzhu/work/CarryCue/DerivedData/Build/Intermediates.noindex/CarryCue.build/Debug-iphonesimulator/CarryCue.build/DerivedSources-normal/arm64 -Xcc -I/Users/wangrenzhu/work/CarryCue/DerivedData/Build/Intermediates.noindex/CarryCue.build/Debug-iphonesimulator/CarryCue.build/DerivedSources/arm64 -Xcc -I/Users/wangrenzhu/work/CarryCue/DerivedData/Build/Intermediates.noindex/CarryCue.build/Debug-iphonesimulator/CarryCue.build/DerivedSources -Xcc -DDEBUG\=1 -emit-objc-header -emit-objc-header-path /Users/wangrenzhu/work/CarryCue/DerivedData/Build/Intermediates.noindex/CarryCue.build/Debug-iphonesimulator/CarryCue.build/Objects-normal/arm64/CarryCue-Swift.h -working-directory /Users/wangrenzhu/work/CarryCue -experimental-emit-module-separately -disable-cmo

SwiftExplicitDependencyGeneratePcm arm64 /Users/wangrenzhu/work/CarryCue/DerivedData/ModuleCache.noindex/_Builtin_float-4T1XAQSUSYW76BDRPTDHKZ4SM.pcm

SwiftExplicitDependencyGeneratePcm arm64 /Users/wangrenzhu/work/CarryCue/DerivedData/ModuleCache.noindex/DeveloperToolsSupport-5HO5XMB8A9BTUXA6MNAH92YRN.pcm

SwiftExplicitDependencyGeneratePcm arm64 /Users/wangrenzhu/work/CarryCue/DerivedData/ModuleCache.noindex/_AvailabilityInternal-F24PZ95A0D59MV0YBR2I8NXL7.pcm

SwiftExplicitDependencyGeneratePcm arm64 /Users/wangrenzhu/work/CarryCue/DerivedData/ModuleCache.noindex/SwiftShims-97QB52A8KJFRA7ON32SSY9TPF.pcm

SwiftExplicitDependencyGeneratePcm arm64 /Users/wangrenzhu/work/CarryCue/DerivedData/ModuleCache.noindex/_Builtin_stdarg-ACQCGAMVZWTXVNK0C7HLXWU39.pcm

SwiftExplicitDependencyGeneratePcm arm64 /Users/wangrenzhu/work/CarryCue/DerivedData/ModuleCache.noindex/_Builtin_stddef-AJO04LW14F3GHNYN3AZ52VVW7.pcm

SwiftExplicitDependencyGeneratePcm arm64 /Users/wangrenzhu/work/CarryCue/DerivedData/ModuleCache.noindex/_SwiftConcurrencyShims-8TLG4LDFIRRYVGD8VSJWYA8L1.pcm

SwiftExplicitDependencyGeneratePcm arm64 /Users/wangrenzhu/work/CarryCue/DerivedData/ModuleCache.noindex/ptrcheck-6SEU5570PU4MXQBQY2AHSPSU9.pcm

SwiftExplicitDependencyGeneratePcm arm64 /Users/wangrenzhu/work/CarryCue/DerivedData/ModuleCache.noindex/_Builtin_stdbool-7W9KFDHFJY6F2HC1OY95NAAYX.pcm

SwiftExplicitDependencyGeneratePcm arm64 /Users/wangrenzhu/work/CarryCue/DerivedData/ModuleCache.noindex/ptrauth-DAK3P6495CX6Q0AZ5PGTW2E7Z.pcm

SwiftExplicitDependencyGeneratePcm arm64 /Users/wangrenzhu/work/CarryCue/DerivedData/ModuleCache.noindex/_DarwinFoundation1-7WKFYFPHUJ8V6OMQVVKTZ79HM.pcm

SwiftExplicitDependencyGeneratePcm arm64 /Users/wangrenzhu/work/CarryCue/DerivedData/ModuleCache.noindex/_DarwinFoundation2-8LSQGY091JB92Q0LDMDUPLB1C.pcm

SwiftExplicitDependencyGeneratePcm arm64 /Users/wangrenzhu/work/CarryCue/DerivedData/ModuleCache.noindex/_Builtin_limits-TKCMIGXM0ECX55LAYYW2LSCX.pcm

SwiftExplicitDependencyGeneratePcm arm64 /Users/wangrenzhu/work/CarryCue/DerivedData/ModuleCache.noindex/sys_types-4VNYQDJ70LYEPI3ZVVDG55OL9.pcm

SwiftExplicitDependencyGeneratePcm arm64 /Users/wangrenzhu/work/CarryCue/DerivedData/ModuleCache.noindex/_Builtin_stdint-6C0W6IFNJ74TW5UQ5PROUI7U2.pcm

SwiftExplicitDependencyGeneratePcm arm64 /Users/wangrenzhu/work/CarryCue/DerivedData/ModuleCache.noindex/_Builtin_tgmath-4QBP0KYAHVHFETVIJ2ZUT82B7.pcm

SwiftExplicitDependencyGeneratePcm arm64 /Users/wangrenzhu/work/CarryCue/DerivedData/ModuleCache.noindex/_Builtin_stdatomic-3VFZ2ZF4BGT8VR88ZME4PCOY3.pcm

SwiftExplicitDependencyGeneratePcm arm64 /Users/wangrenzhu/work/CarryCue/DerivedData/ModuleCache.noindex/_Builtin_intrinsics-2ENYMX8ULH545W6Q5VPO03E8N.pcm

SwiftExplicitDependencyGeneratePcm arm64 /Users/wangrenzhu/work/CarryCue/DerivedData/ModuleCache.noindex/_DarwinFoundation3-75TGN0NYMJKYDDU46S58OLC2H.pcm

SwiftExplicitDependencyGeneratePcm arm64 /Users/wangrenzhu/work/CarryCue/DerivedData/ModuleCache.noindex/_Builtin_inttypes-7PUFA00BC8DRKFZUWPQL1J7EG.pcm

SwiftExplicitDependencyGeneratePcm arm64 /Users/wangrenzhu/work/CarryCue/DerivedData/ModuleCache.noindex/Darwin-2M118T2KNPSGP1RNAGF52W4RQ.pcm

SwiftExplicitDependencyGeneratePcm arm64 /Users/wangrenzhu/work/CarryCue/DerivedData/ModuleCache.noindex/simd-13IRNNPZU1CHXMPVTMKY5M0YC.pcm

SwiftExplicitDependencyGeneratePcm arm64 /Users/wangrenzhu/work/CarryCue/DerivedData/ModuleCache.noindex/ObjectiveC-AJCGVZR8XLJMFBCAXN8XYLHIN.pcm

SwiftExplicitDependencyGeneratePcm arm64 /Users/wangrenzhu/work/CarryCue/DerivedData/ModuleCache.noindex/MachO-7OZEAUAD4SFKVYN9H9QML6E9Q.pcm

SwiftExplicitDependencyGeneratePcm arm64 /Users/wangrenzhu/work/CarryCue/DerivedData/ModuleCache.noindex/os_object-5SPQOYAZ06EUUOOAEH60OCGBJ.pcm

SwiftExplicitDependencyGeneratePcm arm64 /Users/wangrenzhu/work/CarryCue/DerivedData/ModuleCache.noindex/os_workgroup-EO9DOQ4QNG5CR2X8BMCAIO05W.pcm

SwiftExplicitDependencyGeneratePcm arm64 /Users/wangrenzhu/work/CarryCue/DerivedData/ModuleCache.noindex/Spatial-4OAULK04GP57V75LDYA4H0KZN.pcm

SwiftExplicitDependencyGeneratePcm arm64 /Users/wangrenzhu/work/CarryCue/DerivedData/ModuleCache.noindex/Dispatch-610VGFAS4PFAR1O2KGWCFKXV2.pcm

SwiftExplicitDependencyGeneratePcm arm64 /Users/wangrenzhu/work/CarryCue/DerivedData/ModuleCache.noindex/XPC-F2M7LU01P4INC2JD1VVII7X26.pcm

SwiftExplicitDependencyGeneratePcm arm64 /Users/wangrenzhu/work/CarryCue/DerivedData/ModuleCache.noindex/CoreFoundation-9GFIEOJ35XNNA4A8J254NB2HB.pcm

SwiftExplicitDependencyGeneratePcm arm64 /Users/wangrenzhu/work/CarryCue/DerivedData/ModuleCache.noindex/os-2ICS27MYABM3KD9G77PC76URV.pcm

SwiftExplicitDependencyGeneratePcm arm64 /Users/wangrenzhu/work/CarryCue/DerivedData/ModuleCache.noindex/CFNetwork-35BIMMGCNCLWF8B8YVKG42C4X.pcm

SwiftExplicitDependencyGeneratePcm arm64 /Users/wangrenzhu/work/CarryCue/DerivedData/ModuleCache.noindex/Security-8T1BX6VALDKP4FGQKEHOC883U.pcm

SwiftExplicitDependencyGeneratePcm arm64 /Users/wangrenzhu/work/CarryCue/DerivedData/ModuleCache.noindex/CoreGraphics-2N3E410UEAG9HSL79GPY7W9ZA.pcm

SwiftExplicitDependencyGeneratePcm arm64 /Users/wangrenzhu/work/CarryCue/DerivedData/ModuleCache.noindex/Foundation-BWY533EU6SYXOT2LL56UFYK76.pcm

SwiftExplicitDependencyGeneratePcm arm64 /Users/wangrenzhu/work/CarryCue/DerivedData/ModuleCache.noindex/CoreText-C8370MG8UOHDUJ2WCR9L91YIG.pcm

SwiftExplicitDependencyGeneratePcm arm64 /Users/wangrenzhu/work/CarryCue/DerivedData/ModuleCache.noindex/ImageIO-59DV8MG2NHGQL5Y74CW1ETKAI.pcm

SwiftExplicitDependencyGeneratePcm arm64 /Users/wangrenzhu/work/CarryCue/DerivedData/ModuleCache.noindex/IOSurface-1H95YZ1NQYACLQHQS8P0MTS8J.pcm

SwiftExplicitDependencyGeneratePcm arm64 /Users/wangrenzhu/work/CarryCue/DerivedData/ModuleCache.noindex/UserNotifications-38DJQFHPAQK5ZTFVBK8PR98G0.pcm

SwiftExplicitDependencyGeneratePcm arm64 /Users/wangrenzhu/work/CarryCue/DerivedData/ModuleCache.noindex/DataDetection-BOR9NFNKDLPH3ZSB9KP8FU749.pcm

SwiftExplicitDependencyGeneratePcm arm64 /Users/wangrenzhu/work/CarryCue/DerivedData/ModuleCache.noindex/FileProvider-OFV1JYIJPH2JAAAOWLZICMCT.pcm

SwiftExplicitDependencyGeneratePcm arm64 /Users/wangrenzhu/work/CarryCue/DerivedData/ModuleCache.noindex/UniformTypeIdentifiers-7LJNIBGR0B5AYKBS70UGFJHQ2.pcm

SwiftExplicitDependencyGeneratePcm arm64 /Users/wangrenzhu/work/CarryCue/DerivedData/ModuleCache.noindex/Symbols-62B7TLBNT9P5J34OGMEOCY0SB.pcm

SwiftExplicitDependencyGeneratePcm arm64 /Users/wangrenzhu/work/CarryCue/DerivedData/ModuleCache.noindex/Accessibility-1B8L7YJ08FFGLF7KEU83JYC7F.pcm

SwiftExplicitDependencyGeneratePcm arm64 /Users/wangrenzhu/work/CarryCue/DerivedData/ModuleCache.noindex/CoreTransferable-B1O3NGT0Y20XBU0K045UW8SMR.pcm

SwiftExplicitDependencyGeneratePcm arm64 /Users/wangrenzhu/work/CarryCue/DerivedData/ModuleCache.noindex/OpenGLES-332SR9S9OHSK2HHVFKHK987UR.pcm

SwiftExplicitDependencyGeneratePcm arm64 /Users/wangrenzhu/work/CarryCue/DerivedData/ModuleCache.noindex/CoreData-A0GFWAMN5PU7BOXXPI931CAWJ.pcm

SwiftExplicitDependencyGeneratePcm arm64 /Users/wangrenzhu/work/CarryCue/DerivedData/ModuleCache.noindex/OSLog-7R2XD92AO9G74I56BRZPWJ4BJ.pcm

SwiftExplicitDependencyGeneratePcm arm64 /Users/wangrenzhu/work/CarryCue/DerivedData/ModuleCache.noindex/UIUtilities-7HL90AREMC1NWFTEBHRKT865N.pcm

SwiftExplicitDependencyGeneratePcm arm64 /Users/wangrenzhu/work/CarryCue/DerivedData/ModuleCache.noindex/Metal-88UNF64H1AI2492LMG7UGE6NG.pcm

SwiftExplicitDependencyGeneratePcm arm64 /Users/wangrenzhu/work/CarryCue/DerivedData/ModuleCache.noindex/CoreVideo-9SG6KWGMHCUTXOL3H279S0O24.pcm

SwiftExplicitDependencyGeneratePcm arm64 /Users/wangrenzhu/work/CarryCue/DerivedData/ModuleCache.noindex/QuartzCore-6H34867CQ96UBG88S1WVOAFH8.pcm

SwiftExplicitDependencyGeneratePcm arm64 /Users/wangrenzhu/work/CarryCue/DerivedData/ModuleCache.noindex/CoreImage-2IN314M1FFUE5HT3O1P0YKP9I.pcm

SwiftExplicitDependencyGeneratePcm arm64 /Users/wangrenzhu/work/CarryCue/DerivedData/ModuleCache.noindex/SwiftUICore-A9AI84HPH0CQMVNTOSKXCJFB3.pcm

SwiftExplicitDependencyGeneratePcm arm64 /Users/wangrenzhu/work/CarryCue/DerivedData/ModuleCache.noindex/UIKit-5P7VTSU0UNRT2TF4VJ3ZE43YA.pcm

SwiftExplicitDependencyGeneratePcm arm64 /Users/wangrenzhu/work/CarryCue/DerivedData/ModuleCache.noindex/SwiftUI-3ZT1G63HIKY3ACSPCSX5E054Y.pcm

SwiftCompile normal arm64 Compiling\ PracticeCard.swift /Users/wangrenzhu/work/CarryCue/CarryCueCore/PracticeCard.swift (in target 'CarryCue' from project 'CarryCue')

SwiftCompile normal arm64 /Users/wangrenzhu/work/CarryCue/CarryCueCore/PracticeCard.swift (in target 'CarryCue' from project 'CarryCue')
    cd /Users/wangrenzhu/work/CarryCue
    

SwiftCompile normal arm64 Compiling\ CardRepository.swift /Users/wangrenzhu/work/CarryCue/CarryCueCore/CardRepository.swift (in target 'CarryCue' from project 'CarryCue')

SwiftCompile normal arm64 /Users/wangrenzhu/work/CarryCue/CarryCueCore/CardRepository.swift (in target 'CarryCue' from project 'CarryCue')
    cd /Users/wangrenzhu/work/CarryCue
    

SwiftEmitModule normal arm64 Emitting\ module\ for\ CarryCue (in target 'CarryCue' from project 'CarryCue')

EmitSwiftModule normal arm64 (in target 'CarryCue' from project 'CarryCue')
    cd /Users/wangrenzhu/work/CarryCue
    
/Users/wangrenzhu/work/CarryCue/CarryCueApp/RootView.swift:128:1: warning: extension declares a conformance of imported type 'String' to imported protocol 'Identifiable'; this will not behave correctly if the owners of 'Swift' introduce this conformance in the future
extension String: Identifiable { public var id: String { self } }
^
/Users/wangrenzhu/work/CarryCue/CarryCueApp/RootView.swift:128:1: note: add '@retroactive' to silence this warning
extension String: Identifiable { public var id: String { self } }
^                 ~~~~~~~~~~~~
                  @retroactive Identifiable

SwiftCompile normal arm64 Compiling\ PrivacyView.swift /Users/wangrenzhu/work/CarryCue/CarryCueApp/PrivacyView.swift (in target 'CarryCue' from project 'CarryCue')
SwiftCompile normal arm64 /Users/wangrenzhu/work/CarryCue/CarryCueApp/PrivacyView.swift (in target 'CarryCue' from project 'CarryCue')
    cd /Users/wangrenzhu/work/CarryCue
    

SwiftCompile normal arm64 Compiling\ RootView.swift /Users/wangrenzhu/work/CarryCue/CarryCueApp/RootView.swift (in target 'CarryCue' from project 'CarryCue')
SwiftCompile normal arm64 /Users/wangrenzhu/work/CarryCue/CarryCueApp/RootView.swift (in target 'CarryCue' from project 'CarryCue')
    cd /Users/wangrenzhu/work/CarryCue
    
/Users/wangrenzhu/work/CarryCue/CarryCueApp/RootView.swift:128:1: warning: extension declares a conformance of imported type 'String' to imported protocol 'Identifiable'; this will not behave correctly if the owners of 'Swift' introduce this conformance in the future
extension String: Identifiable { public var id: String { self } }
^
/Users/wangrenzhu/work/CarryCue/CarryCueApp/RootView.swift:128:1: note: add '@retroactive' to silence this warning
extension String: Identifiable { public var id: String { self } }
^                 ~~~~~~~~~~~~
                  @retroactive Identifiable

SwiftCompile normal arm64 Compiling\ KimiDraftClient.swift /Users/wangrenzhu/work/CarryCue/CarryCueCore/KimiDraftClient.swift (in target 'CarryCue' from project 'CarryCue')

SwiftCompile normal arm64 /Users/wangrenzhu/work/CarryCue/CarryCueCore/KimiDraftClient.swift (in target 'CarryCue' from project 'CarryCue')
    cd /Users/wangrenzhu/work/CarryCue
    

SwiftCompile normal arm64 Compiling\ CarryCueApp.swift /Users/wangrenzhu/work/CarryCue/CarryCueApp/CarryCueApp.swift (in target 'CarryCue' from project 'CarryCue')

SwiftCompile normal arm64 /Users/wangrenzhu/work/CarryCue/CarryCueApp/CarryCueApp.swift (in target 'CarryCue' from project 'CarryCue')
    cd /Users/wangrenzhu/work/CarryCue
    

SwiftCompile normal arm64 Compiling\ CardEditorView.swift /Users/wangrenzhu/work/CarryCue/CarryCueApp/CardEditorView.swift (in target 'CarryCue' from project 'CarryCue')
SwiftCompile normal arm64 /Users/wangrenzhu/work/CarryCue/CarryCueApp/CardEditorView.swift (in target 'CarryCue' from project 'CarryCue')
    cd /Users/wangrenzhu/work/CarryCue
    

SwiftDriverJobDiscovery normal arm64 Emitting module for CarryCue (in target 'CarryCue' from project 'CarryCue')

SwiftDriver\ Compilation\ Requirements CarryCue normal arm64 com.apple.xcode.tools.swift.compiler (in target 'CarryCue' from project 'CarryCue')
    cd /Users/wangrenzhu/work/CarryCue
    builtin-Swift-Compilation-Requirements -- /Applications/Xcode.app/Contents/Developer/Toolchains/XcodeDefault.xctoolchain/usr/bin/swiftc -module-name CarryCue -Onone @/Users/wangrenzhu/work/CarryCue/DerivedData/Build/Intermediates.noindex/CarryCue.build/Debug-iphonesimulator/CarryCue.build/Objects-normal/arm64/CarryCue.SwiftFileList -DDEBUG -enable-bare-slash-regex -enable-experimental-feature DebugDescriptionMacro -sdk /Applications/Xcode.app/Contents/Developer/Platforms/iPhoneSimulator.platform/Developer/SDKs/iPhoneSimulator26.5.sdk -target arm64-apple-ios14.0-simulator -g -module-cache-path /Users/wangrenzhu/work/CarryCue/DerivedData/ModuleCache.noindex -Xfrontend -serialize-debugging-options -enable-testing -index-store-path /Users/wangrenzhu/work/CarryCue/DerivedData/Index.noindex/DataStore -Xcc -D_LIBCPP_HARDENING_MODE\=_LIBCPP_HARDENING_MODE_DEBUG -swift-version 5 -I /Users/wangrenzhu/work/CarryCue/DerivedData/Build/Products/Debug-iphonesimulator -F /Users/wangrenzhu/work/CarryCue/DerivedData/Build/Products/Debug-iphonesimulator -c -j10 -enable-batch-mode -incremental -Xcc -ivfsstatcache -Xcc /Users/wangrenzhu/work/CarryCue/DerivedData/SDKStatCaches.noindex/iphonesimulator26.5-23F73-6cfe768891a92b912361537c460fe42b.sdkstatcache -output-file-map /Users/wangrenzhu/work/CarryCue/DerivedData/Build/Intermediates.noindex/CarryCue.build/Debug-iphonesimulator/CarryCue.build/Objects-normal/arm64/CarryCue-OutputFileMap.json -use-frontend-parseable-output -save-temps -no-color-diagnostics -explicit-module-build -module-cache-path /Users/wangrenzhu/work/CarryCue/DerivedData/Build/Intermediates.noindex/SwiftExplicitPrecompiledModules -clang-scanner-module-cache-path /Users/wangrenzhu/work/CarryCue/DerivedData/ModuleCache.noindex -sdk-module-cache-path /Users/wangrenzhu/work/CarryCue/DerivedData/ModuleCache.noindex -serialize-diagnostics -emit-dependencies -emit-module -emit-module-path /Users/wangrenzhu/work/CarryCue/DerivedData/Build/Intermediates.noindex/CarryCue.build/Debug-iphonesimulator/CarryCue.build/Objects-normal/arm64/CarryCue.swiftmodule -validate-clang-modules-once -clang-build-session-file /Users/wangrenzhu/work/CarryCue/DerivedData/ModuleCache.noindex/Session.modulevalidation -Xcc -I/Users/wangrenzhu/work/CarryCue/DerivedData/Build/Intermediates.noindex/CarryCue.build/Debug-iphonesimulator/CarryCue.build/swift-overrides.hmap -emit-const-values -Xfrontend -const-gather-protocols-file -Xfrontend /Users/wangrenzhu/work/CarryCue/DerivedData/Build/Intermediates.noindex/CarryCue.build/Debug-iphonesimulator/CarryCue.build/Objects-normal/arm64/CarryCue_const_extract_protocols.json -Xcc -iquote -Xcc /Users/wangrenzhu/work/CarryCue/DerivedData/Build/Intermediates.noindex/CarryCue.build/Debug-iphonesimulator/CarryCue.build/CarryCue-generated-files.hmap -Xcc -I/Users/wangrenzhu/work/CarryCue/DerivedData/Build/Intermediates.noindex/CarryCue.build/Debug-iphonesimulator/CarryCue.build/CarryCue-own-target-headers.hmap -Xcc -I/Users/wangrenzhu/work/CarryCue/DerivedData/Build/Intermediates.noindex/CarryCue.build/Debug-iphonesimulator/CarryCue.build/CarryCue-all-target-headers.hmap -Xcc -iquote -Xcc /Users/wangrenzhu/work/CarryCue/DerivedData/Build/Intermediates.noindex/CarryCue.build/Debug-iphonesimulator/CarryCue.build/CarryCue-project-headers.hmap -Xcc -I/Users/wangrenzhu/work/CarryCue/DerivedData/Build/Products/Debug-iphonesimulator/include -Xcc -I/Users/wangrenzhu/work/CarryCue/DerivedData/Build/Intermediates.noindex/CarryCue.build/Debug-iphonesimulator/CarryCue.build/DerivedSources-normal/arm64 -Xcc -I/Users/wangrenzhu/work/CarryCue/DerivedData/Build/Intermediates.noindex/CarryCue.build/Debug-iphonesimulator/CarryCue.build/DerivedSources/arm64 -Xcc -I/Users/wangrenzhu/work/CarryCue/DerivedData/Build/Intermediates.noindex/CarryCue.build/Debug-iphonesimulator/CarryCue.build/DerivedSources -Xcc -DDEBUG\=1 -emit-objc-header -emit-objc-header-path /Users/wangrenzhu/work/CarryCue/DerivedData/Build/Intermediates.noindex/CarryCue.build/Debug-iphonesimulator/CarryCue.build/Objects-normal/arm64/CarryCue-Swift.h -working-directory /Users/wangrenzhu/work/CarryCue -experimental-emit-module-separately -disable-cmo

Copy /Users/wangrenzhu/work/CarryCue/DerivedData/Build/Products/Debug-iphonesimulator/CarryCue.swiftmodule/arm64-apple-ios-simulator.swiftmodule /Users/wangrenzhu/work/CarryCue/DerivedData/Build/Intermediates.noindex/CarryCue.build/Debug-iphonesimulator/CarryCue.build/Objects-normal/arm64/CarryCue.swiftmodule (in target 'CarryCue' from project 'CarryCue')
    cd /Users/wangrenzhu/work/CarryCue
    builtin-copy -exclude .DS_Store -exclude CVS -exclude .svn -exclude .git -exclude .hg -resolve-src-symlinks -rename /Users/wangrenzhu/work/CarryCue/DerivedData/Build/Intermediates.noindex/CarryCue.build/Debug-iphonesimulator/CarryCue.build/Objects-normal/arm64/CarryCue.swiftmodule /Users/wangrenzhu/work/CarryCue/DerivedData/Build/Products/Debug-iphonesimulator/CarryCue.swiftmodule/arm64-apple-ios-simulator.swiftmodule

Copy /Users/wangrenzhu/work/CarryCue/DerivedData/Build/Products/Debug-iphonesimulator/CarryCue.swiftmodule/arm64-apple-ios-simulator.swiftdoc /Users/wangrenzhu/work/CarryCue/DerivedData/Build/Intermediates.noindex/CarryCue.build/Debug-iphonesimulator/CarryCue.build/Objects-normal/arm64/CarryCue.swiftdoc (in target 'CarryCue' from project 'CarryCue')
    cd /Users/wangrenzhu/work/CarryCue
    builtin-copy -exclude .DS_Store -exclude CVS -exclude .svn -exclude .git -exclude .hg -resolve-src-symlinks -rename /Users/wangrenzhu/work/CarryCue/DerivedData/Build/Intermediates.noindex/CarryCue.build/Debug-iphonesimulator/CarryCue.build/Objects-normal/arm64/CarryCue.swiftdoc /Users/wangrenzhu/work/CarryCue/DerivedData/Build/Products/Debug-iphonesimulator/CarryCue.swiftmodule/arm64-apple-ios-simulator.swiftdoc

SwiftMergeGeneratedHeaders /Users/wangrenzhu/work/CarryCue/DerivedData/Build/Intermediates.noindex/CarryCue.build/Debug-iphonesimulator/CarryCue.build/DerivedSources/CarryCue-Swift.h /Users/wangrenzhu/work/CarryCue/DerivedData/Build/Intermediates.noindex/CarryCue.build/Debug-iphonesimulator/CarryCue.build/Objects-normal/arm64/CarryCue-Swift.h (in target 'CarryCue' from project 'CarryCue')
    cd /Users/wangrenzhu/work/CarryCue
    builtin-swiftHeaderTool -arch arm64 /Users/wangrenzhu/work/CarryCue/DerivedData/Build/Intermediates.noindex/CarryCue.build/Debug-iphonesimulator/CarryCue.build/Objects-normal/arm64/CarryCue-Swift.h -o /Users/wangrenzhu/work/CarryCue/DerivedData/Build/Intermediates.noindex/CarryCue.build/Debug-iphonesimulator/CarryCue.build/DerivedSources/CarryCue-Swift.h

Copy /Users/wangrenzhu/work/CarryCue/DerivedData/Build/Products/Debug-iphonesimulator/CarryCue.swiftmodule/arm64-apple-ios-simulator.abi.json /Users/wangrenzhu/work/CarryCue/DerivedData/Build/Intermediates.noindex/CarryCue.build/Debug-iphonesimulator/CarryCue.build/Objects-normal/arm64/CarryCue.abi.json (in target 'CarryCue' from project 'CarryCue')
    cd /Users/wangrenzhu/work/CarryCue
    builtin-copy -exclude .DS_Store -exclude CVS -exclude .svn -exclude .git -exclude .hg -resolve-src-symlinks -rename /Users/wangrenzhu/work/CarryCue/DerivedData/Build/Intermediates.noindex/CarryCue.build/Debug-iphonesimulator/CarryCue.build/Objects-normal/arm64/CarryCue.abi.json /Users/wangrenzhu/work/CarryCue/DerivedData/Build/Products/Debug-iphonesimulator/CarryCue.swiftmodule/arm64-apple-ios-simulator.abi.json

Copy /Users/wangrenzhu/work/CarryCue/DerivedData/Build/Products/Debug-iphonesimulator/CarryCue.swiftmodule/Project/arm64-apple-ios-simulator.swiftsourceinfo /Users/wangrenzhu/work/CarryCue/DerivedData/Build/Intermediates.noindex/CarryCue.build/Debug-iphonesimulator/CarryCue.build/Objects-normal/arm64/CarryCue.swiftsourceinfo (in target 'CarryCue' from project 'CarryCue')
    cd /Users/wangrenzhu/work/CarryCue
    builtin-copy -exclude .DS_Store -exclude CVS -exclude .svn -exclude .git -exclude .hg -resolve-src-symlinks -rename /Users/wangrenzhu/work/CarryCue/DerivedData/Build/Intermediates.noindex/CarryCue.build/Debug-iphonesimulator/CarryCue.build/Objects-normal/arm64/CarryCue.swiftsourceinfo /Users/wangrenzhu/work/CarryCue/DerivedData/Build/Products/Debug-iphonesimulator/CarryCue.swiftmodule/Project/arm64-apple-ios-simulator.swiftsourceinfo

SwiftDriverJobDiscovery normal arm64 Compiling CardRepository.swift (in target 'CarryCue' from project 'CarryCue')

SwiftDriverJobDiscovery normal arm64 Compiling PracticeCard.swift (in target 'CarryCue' from project 'CarryCue')

SwiftDriverJobDiscovery normal arm64 Compiling KimiDraftClient.swift (in target 'CarryCue' from project 'CarryCue')

SwiftDriverJobDiscovery normal arm64 Compiling CarryCueApp.swift (in target 'CarryCue' from project 'CarryCue')

SwiftDriverJobDiscovery normal arm64 Compiling PrivacyView.swift (in target 'CarryCue' from project 'CarryCue')

SwiftDriverJobDiscovery normal arm64 Compiling RootView.swift (in target 'CarryCue' from project 'CarryCue')

SwiftDriverJobDiscovery normal arm64 Compiling CardEditorView.swift (in target 'CarryCue' from project 'CarryCue')

SwiftDriver\ Compilation CarryCue normal arm64 com.apple.xcode.tools.swift.compiler (in target 'CarryCue' from project 'CarryCue')
    cd /Users/wangrenzhu/work/CarryCue
    builtin-Swift-Compilation -- /Applications/Xcode.app/Contents/Developer/Toolchains/XcodeDefault.xctoolchain/usr/bin/swiftc -module-name CarryCue -Onone @/Users/wangrenzhu/work/CarryCue/DerivedData/Build/Intermediates.noindex/CarryCue.build/Debug-iphonesimulator/CarryCue.build/Objects-normal/arm64/CarryCue.SwiftFileList -DDEBUG -enable-bare-slash-regex -enable-experimental-feature DebugDescriptionMacro -sdk /Applications/Xcode.app/Contents/Developer/Platforms/iPhoneSimulator.platform/Developer/SDKs/iPhoneSimulator26.5.sdk -target arm64-apple-ios14.0-simulator -g -module-cache-path /Users/wangrenzhu/work/CarryCue/DerivedData/ModuleCache.noindex -Xfrontend -serialize-debugging-options -enable-testing -index-store-path /Users/wangrenzhu/work/CarryCue/DerivedData/Index.noindex/DataStore -Xcc -D_LIBCPP_HARDENING_MODE\=_LIBCPP_HARDENING_MODE_DEBUG -swift-version 5 -I /Users/wangrenzhu/work/CarryCue/DerivedData/Build/Products/Debug-iphonesimulator -F /Users/wangrenzhu/work/CarryCue/DerivedData/Build/Products/Debug-iphonesimulator -c -j10 -enable-batch-mode -incremental -Xcc -ivfsstatcache -Xcc /Users/wangrenzhu/work/CarryCue/DerivedData/SDKStatCaches.noindex/iphonesimulator26.5-23F73-6cfe768891a92b912361537c460fe42b.sdkstatcache -output-file-map /Users/wangrenzhu/work/CarryCue/DerivedData/Build/Intermediates.noindex/CarryCue.build/Debug-iphonesimulator/CarryCue.build/Objects-normal/arm64/CarryCue-OutputFileMap.json -use-frontend-parseable-output -save-temps -no-color-diagnostics -explicit-module-build -module-cache-path /Users/wangrenzhu/work/CarryCue/DerivedData/Build/Intermediates.noindex/SwiftExplicitPrecompiledModules -clang-scanner-module-cache-path /Users/wangrenzhu/work/CarryCue/DerivedData/ModuleCache.noindex -sdk-module-cache-path /Users/wangrenzhu/work/CarryCue/DerivedData/ModuleCache.noindex -serialize-diagnostics -emit-dependencies -emit-module -emit-module-path /Users/wangrenzhu/work/CarryCue/DerivedData/Build/Intermediates.noindex/CarryCue.build/Debug-iphonesimulator/CarryCue.build/Objects-normal/arm64/CarryCue.swiftmodule -validate-clang-modules-once -clang-build-session-file /Users/wangrenzhu/work/CarryCue/DerivedData/ModuleCache.noindex/Session.modulevalidation -Xcc -I/Users/wangrenzhu/work/CarryCue/DerivedData/Build/Intermediates.noindex/CarryCue.build/Debug-iphonesimulator/CarryCue.build/swift-overrides.hmap -emit-const-values -Xfrontend -const-gather-protocols-file -Xfrontend /Users/wangrenzhu/work/CarryCue/DerivedData/Build/Intermediates.noindex/CarryCue.build/Debug-iphonesimulator/CarryCue.build/Objects-normal/arm64/CarryCue_const_extract_protocols.json -Xcc -iquote -Xcc /Users/wangrenzhu/work/CarryCue/DerivedData/Build/Intermediates.noindex/CarryCue.build/Debug-iphonesimulator/CarryCue.build/CarryCue-generated-files.hmap -Xcc -I/Users/wangrenzhu/work/CarryCue/DerivedData/Build/Intermediates.noindex/CarryCue.build/Debug-iphonesimulator/CarryCue.build/CarryCue-own-target-headers.hmap -Xcc -I/Users/wangrenzhu/work/CarryCue/DerivedData/Build/Intermediates.noindex/CarryCue.build/Debug-iphonesimulator/CarryCue.build/CarryCue-all-target-headers.hmap -Xcc -iquote -Xcc /Users/wangrenzhu/work/CarryCue/DerivedData/Build/Intermediates.noindex/CarryCue.build/Debug-iphonesimulator/CarryCue.build/CarryCue-project-headers.hmap -Xcc -I/Users/wangrenzhu/work/CarryCue/DerivedData/Build/Products/Debug-iphonesimulator/include -Xcc -I/Users/wangrenzhu/work/CarryCue/DerivedData/Build/Intermediates.noindex/CarryCue.build/Debug-iphonesimulator/CarryCue.build/DerivedSources-normal/arm64 -Xcc -I/Users/wangrenzhu/work/CarryCue/DerivedData/Build/Intermediates.noindex/CarryCue.build/Debug-iphonesimulator/CarryCue.build/DerivedSources/arm64 -Xcc -I/Users/wangrenzhu/work/CarryCue/DerivedData/Build/Intermediates.noindex/CarryCue.build/Debug-iphonesimulator/CarryCue.build/DerivedSources -Xcc -DDEBUG\=1 -emit-objc-header -emit-objc-header-path /Users/wangrenzhu/work/CarryCue/DerivedData/Build/Intermediates.noindex/CarryCue.build/Debug-iphonesimulator/CarryCue.build/Objects-normal/arm64/CarryCue-Swift.h -working-directory /Users/wangrenzhu/work/CarryCue -experimental-emit-module-separately -disable-cmo

Ld /Users/wangrenzhu/work/CarryCue/DerivedData/Build/Products/Debug-iphonesimulator/CarryCue.app/CarryCue.debug.dylib normal (in target 'CarryCue' from project 'CarryCue')
    cd /Users/wangrenzhu/work/CarryCue
    /Applications/Xcode.app/Contents/Developer/Toolchains/XcodeDefault.xctoolchain/usr/bin/clang -Xlinker -reproducible -target arm64-apple-ios14.0-simulator -dynamiclib -isysroot /Applications/Xcode.app/Contents/Developer/Platforms/iPhoneSimulator.platform/Developer/SDKs/iPhoneSimulator26.5.sdk -O0 -L/Users/wangrenzhu/work/CarryCue/DerivedData/Build/Intermediates.noindex/EagerLinkingTBDs/Debug-iphonesimulator -L/Users/wangrenzhu/work/CarryCue/DerivedData/Build/Products/Debug-iphonesimulator -F/Users/wangrenzhu/work/CarryCue/DerivedData/Build/Intermediates.noindex/EagerLinkingTBDs/Debug-iphonesimulator -F/Users/wangrenzhu/work/CarryCue/DerivedData/Build/Products/Debug-iphonesimulator -filelist /Users/wangrenzhu/work/CarryCue/DerivedData/Build/Intermediates.noindex/CarryCue.build/Debug-iphonesimulator/CarryCue.build/Objects-normal/arm64/CarryCue.LinkFileList -install_name @rpath/CarryCue.debug.dylib -Xlinker -rpath -Xlinker /usr/lib/swift -Xlinker -rpath -Xlinker @executable_path/Frameworks -Xlinker -dead_strip -Xlinker -object_path_lto -Xlinker /Users/wangrenzhu/work/CarryCue/DerivedData/Build/Intermediates.noindex/CarryCue.build/Debug-iphonesimulator/CarryCue.build/Objects-normal/arm64/CarryCue_lto.o -rdynamic -Xlinker -no_deduplicate -Xlinker -objc_abi_version -Xlinker 2 -Xlinker -dependency_info -Xlinker /Users/wangrenzhu/work/CarryCue/DerivedData/Build/Intermediates.noindex/CarryCue.build/Debug-iphonesimulator/CarryCue.build/Objects-normal/arm64/CarryCue_dependency_info.dat -fobjc-link-runtime -L/Applications/Xcode.app/Contents/Developer/Toolchains/XcodeDefault.xctoolchain/usr/lib/swift/iphonesimulator -L/usr/lib/swift -Xlinker -add_ast_path -Xlinker /Users/wangrenzhu/work/CarryCue/DerivedData/Build/Intermediates.noindex/CarryCue.build/Debug-iphonesimulator/CarryCue.build/Objects-normal/arm64/CarryCue.swiftmodule @/Users/wangrenzhu/work/CarryCue/DerivedData/Build/Intermediates.noindex/CarryCue.build/Debug-iphonesimulator/CarryCue.build/Objects-normal/arm64/CarryCue-linker-args.resp -Xlinker -alias -Xlinker _main -Xlinker ___debug_main_executable_dylib_entry_point -o /Users/wangrenzhu/work/CarryCue/DerivedData/Build/Products/Debug-iphonesimulator/CarryCue.app/CarryCue.debug.dylib

ConstructStubExecutorLinkFileList /Users/wangrenzhu/work/CarryCue/DerivedData/Build/Intermediates.noindex/CarryCue.build/Debug-iphonesimulator/CarryCue.build/CarryCue-ExecutorLinkFileList-normal-arm64.txt (in target 'CarryCue' from project 'CarryCue')
    cd /Users/wangrenzhu/work/CarryCue
    construct-stub-executor-link-file-list /Users/wangrenzhu/work/CarryCue/DerivedData/Build/Products/Debug-iphonesimulator/CarryCue.app/CarryCue.debug.dylib /Applications/Xcode.app/Contents/Developer/Platforms/iPhoneSimulator.platform/Developer/usr/lib/libPreviewsJITStubExecutor_no_swift_entry_point.a /Applications/Xcode.app/Contents/Developer/Platforms/iPhoneSimulator.platform/Developer/usr/lib/libPreviewsJITStubExecutor.a --output /Users/wangrenzhu/work/CarryCue/DerivedData/Build/Intermediates.noindex/CarryCue.build/Debug-iphonesimulator/CarryCue.build/CarryCue-ExecutorLinkFileList-normal-arm64.txt
note: Using stub executor library with Swift entry point. (in target 'CarryCue' from project 'CarryCue')

Ld /Users/wangrenzhu/work/CarryCue/DerivedData/Build/Products/Debug-iphonesimulator/CarryCue.app/CarryCue normal (in target 'CarryCue' from project 'CarryCue')
    cd /Users/wangrenzhu/work/CarryCue
    /Applications/Xcode.app/Contents/Developer/Toolchains/XcodeDefault.xctoolchain/usr/bin/clang -Xlinker -reproducible -target arm64-apple-ios14.0-simulator -isysroot /Applications/Xcode.app/Contents/Developer/Platforms/iPhoneSimulator.platform/Developer/SDKs/iPhoneSimulator26.5.sdk -O0 -L/Users/wangrenzhu/work/CarryCue/DerivedData/Build/Products/Debug-iphonesimulator -F/Users/wangrenzhu/work/CarryCue/DerivedData/Build/Products/Debug-iphonesimulator -Xlinker -rpath -Xlinker @executable_path -Xlinker -rpath -Xlinker @executable_path/Frameworks -rdynamic -Xlinker -no_deduplicate -Xlinker -objc_abi_version -Xlinker 2 -e ___debug_blank_executor_main -Xlinker -sectcreate -Xlinker __TEXT -Xlinker __debug_dylib -Xlinker /Users/wangrenzhu/work/CarryCue/DerivedData/Build/Intermediates.noindex/CarryCue.build/Debug-iphonesimulator/CarryCue.build/CarryCue-DebugDylibPath-normal-arm64.txt -Xlinker -sectcreate -Xlinker __TEXT -Xlinker __debug_instlnm -Xlinker /Users/wangrenzhu/work/CarryCue/DerivedData/Build/Intermediates.noindex/CarryCue.build/Debug-iphonesimulator/CarryCue.build/CarryCue-DebugDylibInstallName-normal-arm64.txt -Xlinker -filelist -Xlinker /Users/wangrenzhu/work/CarryCue/DerivedData/Build/Intermediates.noindex/CarryCue.build/Debug-iphonesimulator/CarryCue.build/CarryCue-ExecutorLinkFileList-normal-arm64.txt /Users/wangrenzhu/work/CarryCue/DerivedData/Build/Products/Debug-iphonesimulator/CarryCue.app/CarryCue.debug.dylib -o /Users/wangrenzhu/work/CarryCue/DerivedData/Build/Products/Debug-iphonesimulator/CarryCue.app/CarryCue

CopySwiftLibs /Users/wangrenzhu/work/CarryCue/DerivedData/Build/Products/Debug-iphonesimulator/CarryCue.app (in target 'CarryCue' from project 'CarryCue')
    cd /Users/wangrenzhu/work/CarryCue
    builtin-swiftStdLibTool --copy --verbose --scan-executable /Users/wangrenzhu/work/CarryCue/DerivedData/Build/Products/Debug-iphonesimulator/CarryCue.app/CarryCue.debug.dylib --scan-folder /Users/wangrenzhu/work/CarryCue/DerivedData/Build/Products/Debug-iphonesimulator/CarryCue.app/Frameworks --scan-folder /Users/wangrenzhu/work/CarryCue/DerivedData/Build/Products/Debug-iphonesimulator/CarryCue.app/PlugIns --scan-folder /Users/wangrenzhu/work/CarryCue/DerivedData/Build/Products/Debug-iphonesimulator/CarryCue.app/SystemExtensions --scan-folder /Users/wangrenzhu/work/CarryCue/DerivedData/Build/Products/Debug-iphonesimulator/CarryCue.app/Extensions --platform iphonesimulator --toolchain /Applications/Xcode.app/Contents/Developer/Toolchains/XcodeDefault.xctoolchain --destination /Users/wangrenzhu/work/CarryCue/DerivedData/Build/Products/Debug-iphonesimulator/CarryCue.app/Frameworks --strip-bitcode --strip-bitcode-tool /Applications/Xcode.app/Contents/Developer/Toolchains/XcodeDefault.xctoolchain/usr/bin/bitcode_strip --emit-dependency-info /Users/wangrenzhu/work/CarryCue/DerivedData/Build/Intermediates.noindex/CarryCue.build/Debug-iphonesimulator/CarryCue.build/SwiftStdLibToolInputDependencies.dep --filter-for-swift-os --back-deploy-swift-span
Ignoring --strip-bitcode because --sign was not passed

ExtractAppIntentsMetadata (in target 'CarryCue' from project 'CarryCue')
    cd /Users/wangrenzhu/work/CarryCue
    /Applications/Xcode.app/Contents/Developer/Toolchains/XcodeDefault.xctoolchain/usr/bin/appintentsmetadataprocessor --toolchain-dir /Applications/Xcode.app/Contents/Developer/Toolchains/XcodeDefault.xctoolchain --module-name CarryCue --sdk-root /Applications/Xcode.app/Contents/Developer/Platforms/iPhoneSimulator.platform/Developer/SDKs/iPhoneSimulator26.5.sdk --xcode-version 17F42 --platform-family iOS --deployment-target 14.0 --bundle-identifier com.appfactory.carrycue --output /Users/wangrenzhu/work/CarryCue/DerivedData/Build/Products/Debug-iphonesimulator/CarryCue.app --target-triple arm64-apple-ios14.0-simulator --binary-file /Users/wangrenzhu/work/CarryCue/DerivedData/Build/Products/Debug-iphonesimulator/CarryCue.app/CarryCue --dependency-file /Users/wangrenzhu/work/CarryCue/DerivedData/Build/Intermediates.noindex/CarryCue.build/Debug-iphonesimulator/CarryCue.build/Objects-normal/arm64/CarryCue_dependency_info.dat --stringsdata-file /Users/wangrenzhu/work/CarryCue/DerivedData/Build/Intermediates.noindex/CarryCue.build/Debug-iphonesimulator/CarryCue.build/Objects-normal/arm64/ExtractedAppShortcutsMetadata.stringsdata --source-file-list /Users/wangrenzhu/work/CarryCue/DerivedData/Build/Intermediates.noindex/CarryCue.build/Debug-iphonesimulator/CarryCue.build/Objects-normal/arm64/CarryCue.SwiftFileList --metadata-file-list /Users/wangrenzhu/work/CarryCue/DerivedData/Build/Intermediates.noindex/CarryCue.build/Debug-iphonesimulator/CarryCue.build/CarryCue.DependencyMetadataFileList --static-metadata-file-list /Users/wangrenzhu/work/CarryCue/DerivedData/Build/Intermediates.noindex/CarryCue.build/Debug-iphonesimulator/CarryCue.build/CarryCue.DependencyStaticMetadataFileList --swift-const-vals-list /Users/wangrenzhu/work/CarryCue/DerivedData/Build/Intermediates.noindex/CarryCue.build/Debug-iphonesimulator/CarryCue.build/Objects-normal/arm64/CarryCue.SwiftConstValuesFileList --compile-time-extraction --deployment-aware-processing --validate-assistant-intents --no-app-shortcuts-localization
2026-07-15 04:58:50.498 appintentsmetadataprocessor[50641:15739511] Starting appintentsmetadataprocessor export
2026-07-15 04:58:50.502 appintentsmetadataprocessor[50641:15739511] warning: Metadata extraction skipped. No AppIntents.framework dependency found.

AppIntentsSSUTraining (in target 'CarryCue' from project 'CarryCue')
    cd /Users/wangrenzhu/work/CarryCue
    /Applications/Xcode.app/Contents/Developer/Toolchains/XcodeDefault.xctoolchain/usr/bin/appintentsnltrainingprocessor --infoplist-path /Users/wangrenzhu/work/CarryCue/DerivedData/Build/Products/Debug-iphonesimulator/CarryCue.app/Info.plist --temp-dir-path /Users/wangrenzhu/work/CarryCue/DerivedData/Build/Intermediates.noindex/CarryCue.build/Debug-iphonesimulator/CarryCue.build/ssu --bundle-id com.appfactory.carrycue --product-path /Users/wangrenzhu/work/CarryCue/DerivedData/Build/Products/Debug-iphonesimulator/CarryCue.app --extracted-metadata-path /Users/wangrenzhu/work/CarryCue/DerivedData/Build/Products/Debug-iphonesimulator/CarryCue.app/Metadata.appintents --metadata-file-list /Users/wangrenzhu/work/CarryCue/DerivedData/Build/Intermediates.noindex/CarryCue.build/Debug-iphonesimulator/CarryCue.build/CarryCue.DependencyMetadataFileList --source-file /Users/wangrenzhu/work/CarryCue/DerivedData/Build/Products/Debug-iphonesimulator/CarryCue.app/Info.plist --archive-ssu-assets
2026-07-15 04:58:50.526 appintentsnltrainingprocessor[50642:15739512] Parsing options for appintentsnltrainingprocessor
2026-07-15 04:58:50.526 appintentsnltrainingprocessor[50642:15739512] Starting AppIntents SSU YAML Generation
2026-07-15 04:58:50.528 appintentsnltrainingprocessor[50642:15739512] No AppShortcuts found - Skipping.

RegisterExecutionPolicyException /Users/wangrenzhu/work/CarryCue/DerivedData/Build/Products/Debug-iphonesimulator/CarryCue.app (in target 'CarryCue' from project 'CarryCue')
    cd /Users/wangrenzhu/work/CarryCue
    builtin-RegisterExecutionPolicyException /Users/wangrenzhu/work/CarryCue/DerivedData/Build/Products/Debug-iphonesimulator/CarryCue.app

Validate /Users/wangrenzhu/work/CarryCue/DerivedData/Build/Products/Debug-iphonesimulator/CarryCue.app (in target 'CarryCue' from project 'CarryCue')
    cd /Users/wangrenzhu/work/CarryCue
    builtin-validationUtility /Users/wangrenzhu/work/CarryCue/DerivedData/Build/Products/Debug-iphonesimulator/CarryCue.app -shallow-bundle -infoplist-subpath Info.plist

Touch /Users/wangrenzhu/work/CarryCue/DerivedData/Build/Products/Debug-iphonesimulator/CarryCue.app (in target 'CarryCue' from project 'CarryCue')
    cd /Users/wangrenzhu/work/CarryCue
    /usr/bin/touch -c /Users/wangrenzhu/work/CarryCue/DerivedData/Build/Products/Debug-iphonesimulator/CarryCue.app

** BUILD SUCCEEDED **

